#
# There is insufficient memory for the Java Runtime Environment to continue.
# Native memory allocation (malloc) failed to allocate 1044336 bytes for Chunk::new
# Possible reasons:
#   The system is out of physical RAM or swap space
#   The process is running with CompressedOops enabled, and the Java Heap may be blocking the growth of the native heap
# Possible solutions:
#   Reduce memory load on the system
#   Increase physical memory or swap space
#   Check if swap backing store is full
#   Decrease Java heap size (-Xmx/-Xms)
#   Decrease number of Java threads
#   Decrease Java thread stack sizes (-Xss)
#   Set larger code cache with -XX:ReservedCodeCacheSize=
#   JVM is running with Unscaled Compressed Oops mode in which the Java heap is
#     placed in the first 4GB address space. The Java Heap base address is the
#     maximum limit for the native heap growth. Please use -XX:HeapBaseMinAddress
#     to set the Java Heap base and to place the Java Heap above 4GB virtual address.
# This output file may be truncated or incomplete.
#
#  Out of Memory Error (t:/workspace/open/src/hotspot/share/memory/arena.cpp:197), pid=17196, tid=18804
#
# JRE version: Java(TM) SE Runtime Environment (12.0.2+10) (build 12.0.2+10)
# Java VM: Java HotSpot(TM) 64-Bit Server VM (12.0.2+10, mixed mode, sharing, tiered, compressed oops, g1 gc, windows-amd64)
# No core dump will be written. Minidumps are not enabled by default on client versions of Windows
#

---------------  S U M M A R Y ------------

Command Line: --add-modules=ALL-SYSTEM --add-opens=java.base/java.util=ALL-UNNAMED --add-opens=java.base/java.lang=ALL-UNNAMED -Declipse.application=org.eclipse.jdt.ls.core.id1 -Dosgi.bundles.defaultStartLevel=4 -Declipse.product=org.eclipse.jdt.ls.core.product -Dfile.encoding=utf8 -DwatchParentProcess=false -Xverify:none -Xmx1G -XX:+UseG1GC -XX:+UseStringDeduplication c:\Users\nauhwuun\.vscode\extensions\redhat.java-0.55.1\server\plugins\org.eclipse.equinox.launcher_1.5.600.v20191014-2022.jar -configuration c:\Users\nauhwuun\.vscode\extensions\redhat.java-0.55.1\server\config_win -data c:\Users\nauhwuun\AppData\Roaming\Code\User\workspaceStorage\cd9252250636b5116f112d68e63c7a7b\redhat.java\jdt_ws

Host: Intel(R) Core(TM) i5-9400F CPU @ 2.90GHz, 6 cores, 15G,  Windows 10 , 64 bit Build 17134 (10.0.17134.753)
Time: Sun Jan 26 19:24:41 2020 ?D1¨²¡À¨º¡Á?¨º¡À?? elapsed time: 63 seconds (0d 0h 1m 3s)

---------------  T H R E A D  ---------------

Current thread (0x0000025b5919e000):  JavaThread "C2 CompilerThread0" daemon [_thread_in_native, id=18804, stack(0x000000957ec00000,0x000000957ed00000)]


Current CompileTask:
C2:  63085 13369       4       org.eclipse.jdt.internal.compiler.lookup.LookupEnvironment::getType (205 bytes)

Stack: [0x000000957ec00000,0x000000957ed00000]
Native frames: (J=compiled Java code, j=interpreted, Vv=VM code, C=native code)
V  [jvm.dll+0x63aa2a]
V  [jvm.dll+0x78ce1e]
V  [jvm.dll+0x78e4c1]
V  [jvm.dll+0x78eb13]
V  [jvm.dll+0x2627e8]
V  [jvm.dll+0xc55cc]
V  [jvm.dll+0xc5b4c]
V  [jvm.dll+0x2d4034]
V  [jvm.dll+0x5569ad]
V  [jvm.dll+0x2246f7]
V  [jvm.dll+0x21e313]
V  [jvm.dll+0x21b2b6]
V  [jvm.dll+0x199a20]
V  [jvm.dll+0x22a744]
V  [jvm.dll+0x228d98]
V  [jvm.dll+0x7512a0]
V  [jvm.dll+0x74a2c8]
V  [jvm.dll+0x639b16]
C  [ucrtbase.dll+0x1e3fe]
C  [KERNEL32.DLL+0x14034]
C  [ntdll.dll+0x73691]


---------------  P R O C E S S  ---------------

Threads class SMR info:
_java_thread_list=0x0000025b5e7602b0, length=29, elements={
0x0000025b3aeed000, 0x0000025b59173000, 0x0000025b59174800, 0x0000025b5919a000,
0x0000025b5919d000, 0x0000025b5919e000, 0x0000025b591a0800, 0x0000025b591aa000,
0x0000025b59a50800, 0x0000025b59c1d800, 0x0000025b5b1fd800, 0x0000025b5acac000,
0x0000025b5b25a800, 0x0000025b5a605000, 0x0000025b5b6db800, 0x0000025b5a554000,
0x0000025b5b7fc800, 0x0000025b5ca05800, 0x0000025b5ce01800, 0x0000025b5d0b6000,
0x0000025b5cf4c000, 0x0000025b5cf4d800, 0x0000025b5cf4d000, 0x0000025b5cf4b800,
0x0000025b6807a000, 0x0000025b6807b800, 0x0000025b6807d000, 0x0000025b6807c000,
0x0000025b5e1ee000
}

Java Threads: ( => current thread )
  0x0000025b3aeed000 JavaThread "main" [_thread_blocked, id=3404, stack(0x000000957e000000,0x000000957e100000)]
  0x0000025b59173000 JavaThread "Reference Handler" daemon [_thread_blocked, id=11040, stack(0x000000957e800000,0x000000957e900000)]
  0x0000025b59174800 JavaThread "Finalizer" daemon [_thread_blocked, id=13388, stack(0x000000957e900000,0x000000957ea00000)]
  0x0000025b5919a000 JavaThread "Signal Dispatcher" daemon [_thread_blocked, id=11432, stack(0x000000957ea00000,0x000000957eb00000)]
  0x0000025b5919d000 JavaThread "Attach Listener" daemon [_thread_blocked, id=11032, stack(0x000000957eb00000,0x000000957ec00000)]
=>0x0000025b5919e000 JavaThread "C2 CompilerThread0" daemon [_thread_in_native, id=18804, stack(0x000000957ec00000,0x000000957ed00000)]
  0x0000025b591a0800 JavaThread "C1 CompilerThread0" daemon [_thread_blocked, id=20588, stack(0x000000957ed00000,0x000000957ee00000)]
  0x0000025b591aa000 JavaThread "Sweeper thread" daemon [_thread_blocked, id=14388, stack(0x000000957ee00000,0x000000957ef00000)]
  0x0000025b59a50800 JavaThread "Common-Cleaner" daemon [_thread_blocked, id=22084, stack(0x000000957ef00000,0x000000957f000000)]
  0x0000025b59c1d800 JavaThread "Service Thread" daemon [_thread_blocked, id=5052, stack(0x000000957f100000,0x000000957f200000)]
  0x0000025b5b1fd800 JavaThread "Active Thread: Equinox Container: 63973e75-d671-4a5f-9b47-52edff49f3fd" [_thread_blocked, id=5128, stack(0x000000957f300000,0x000000957f400000)]
  0x0000025b5acac000 JavaThread "Framework Event Dispatcher: Equinox Container: 63973e75-d671-4a5f-9b47-52edff49f3fd" daemon [_thread_blocked, id=2200, stack(0x000000957f400000,0x000000957f500000)]
  0x0000025b5b25a800 JavaThread "Start Level: Equinox Container: 63973e75-d671-4a5f-9b47-52edff49f3fd" daemon [_thread_blocked, id=1100, stack(0x000000957f500000,0x000000957f600000)]
  0x0000025b5a605000 JavaThread "Worker-JM" [_thread_blocked, id=5124, stack(0x000000957fb00000,0x000000957fc00000)]
  0x0000025b5b6db800 JavaThread "Worker-0" [_thread_blocked, id=10364, stack(0x000000957fc00000,0x000000957fd00000)]
  0x0000025b5a554000 JavaThread "Worker-1" [_thread_blocked, id=11876, stack(0x000000957fd00000,0x000000957fe00000)]
  0x0000025b5b7fc800 JavaThread "Java indexing" daemon [_thread_blocked, id=16072, stack(0x000000957fe00000,0x000000957ff00000)]
  0x0000025b5ca05800 JavaThread "pool-1-thread-1" [_thread_in_native, id=12800, stack(0x0000009500000000,0x0000009500100000)]
  0x0000025b5ce01800 JavaThread "Worker-2" [_thread_blocked, id=21104, stack(0x0000009500100000,0x0000009500200000)]
  0x0000025b5d0b6000 JavaThread "Worker-3" [_thread_blocked, id=6764, stack(0x0000009500200000,0x0000009500300000)]
  0x0000025b5cf4c000 JavaThread "Worker-4" [_thread_blocked, id=2748, stack(0x0000009500300000,0x0000009500400000)]
  0x0000025b5cf4d800 JavaThread "ForkJoinPool.commonPool-worker-3" daemon [_thread_blocked, id=17300, stack(0x0000009500400000,0x0000009500500000)]
  0x0000025b5cf4d000 JavaThread "Bundle File Closer" daemon [_thread_blocked, id=7756, stack(0x0000009500500000,0x0000009500600000)]
  0x0000025b5cf4b800 JavaThread "ForkJoinPool.commonPool-worker-5" daemon [_thread_blocked, id=15568, stack(0x0000009500600000,0x0000009500700000)]
  0x0000025b6807a000 JavaThread "ForkJoinPool.commonPool-worker-7" daemon [_thread_blocked, id=21664, stack(0x0000009500700000,0x0000009500800000)]
  0x0000025b6807b800 JavaThread "ForkJoinPool.commonPool-worker-9" daemon [_thread_blocked, id=6692, stack(0x0000009500d00000,0x0000009500e00000)]
  0x0000025b6807d000 JavaThread "ForkJoinPool.commonPool-worker-11" daemon [_thread_blocked, id=6620, stack(0x0000009500e00000,0x0000009500f00000)]
  0x0000025b6807c000 JavaThread "Keep-Alive-SocketCleaner" daemon [_thread_blocked, id=5440, stack(0x0000009500b00000,0x0000009500c00000)]
  0x0000025b5e1ee000 JavaThread "C2 CompilerThread1" daemon [_thread_blocked, id=5456, stack(0x0000009501400000,0x0000009501500000)]

Other Threads:
  0x0000025b5916d800 VMThread "VM Thread" [stack: 0x000000957e700000,0x000000957e800000] [id=13600]
  0x0000025b59c1e800 WatcherThread [stack: 0x000000957f200000,0x000000957f300000] [id=10500]
  0x0000025b3af19000 GCTaskThread "GC Thread#0" [stack: 0x000000957e100000,0x000000957e200000] [id=7256]
  0x0000025b5a46c000 GCTaskThread "GC Thread#1" [stack: 0x000000957f600000,0x000000957f700000] [id=14640]
  0x0000025b5b25b800 GCTaskThread "GC Thread#2" [stack: 0x000000957f700000,0x000000957f800000] [id=6600]
  0x0000025b5ac1c000 GCTaskThread "GC Thread#3" [stack: 0x000000957f800000,0x000000957f900000] [id=2468]
  0x0000025b5ac1d000 GCTaskThread "GC Thread#4" [stack: 0x000000957f900000,0x000000957fa00000] [id=6936]
  0x0000025b5a623000 GCTaskThread "GC Thread#5" [stack: 0x000000957fa00000,0x000000957fb00000] [id=13408]
  0x0000025b3af22800 ConcurrentGCThread "G1 Main Marker" [stack: 0x000000957e200000,0x000000957e300000] [id=6368]
  0x0000025b3af26800 ConcurrentGCThread "G1 Conc#0" [stack: 0x000000957e300000,0x000000957e400000] [id=15220]
  0x0000025b5c5c2000 ConcurrentGCThread "G1 Conc#1" [stack: 0x000000957ff00000,0x0000009580000000] [id=16040]
  0x0000025b59065800 ConcurrentGCThread "G1 Refine#0" [stack: 0x000000957e400000,0x000000957e500000] [id=15228]
  0x0000025b680bc800 ConcurrentGCThread "G1 Refine#1" [stack: 0x0000009500800000,0x0000009500900000] [id=5280]
  0x0000025b59bbb000 ConcurrentGCThread "G1 Refine#2" [stack: 0x0000009500900000,0x0000009500a00000] [id=13580]
  0x0000025b5eb53800 ConcurrentGCThread "G1 Refine#3" [stack: 0x0000009500a00000,0x0000009500b00000] [id=2244]
  0x0000025b5c92c800 ConcurrentGCThread "G1 Refine#4" [stack: 0x0000009500c00000,0x0000009500d00000] [id=15132]
  0x0000025b6a9ea800 ConcurrentGCThread "G1 Refine#5" [stack: 0x0000009501300000,0x0000009501400000] [id=20408]
  0x0000025b59066800 ConcurrentGCThread "G1 Young RemSet Sampling" [stack: 0x000000957e500000,0x000000957e600000] [id=3412]
  0x0000025b59078800 ConcurrentGCThread "StrDedup" [stack: 0x000000957e600000,0x000000957e700000] [id=13012]

Threads with active compile tasks:
C2 CompilerThread0  13369       4       org.eclipse.jdt.internal.compiler.lookup.LookupEnvironment::getType (205 bytes)

VM state:not at safepoint (normal execution)

VM Mutex/Monitor currently owned by a thread: None

Heap address: 0x00000000c0000000, size: 1024 MB, Compressed Oops mode: 32-bit
Narrow klass base: 0x0000000800000000, Narrow klass shift: 3
Compressed class space size: 1073741824 Address: 0x0000000801190000

Heap:
 garbage-first heap   total 286720K, used 121211K [0x00000000c0000000, 0x0000000100000000)
  region size 1024K, 4 young (4096K), 2 survivors (2048K)
 Metaspace       used 62711K, capacity 65417K, committed 65584K, reserved 1107968K
  class space    used 5933K, capacity 6999K, committed 7040K, reserved 1048576K
Heap Regions: E=young(eden), S=young(survivor), O=old, HS=humongous(starts), HC=humongous(continues), CS=collection set, F=free, A=archive, TAMS=top-at-mark-start (previous, next)
|   0|0x00000000c0000000, 0x00000000c0100000, 0x00000000c0100000|100%| O|  |TAMS 0x00000000c0100000, 0x00000000c0000000| Untracked 
|   1|0x00000000c0100000, 0x00000000c0200000, 0x00000000c0200000|100%| O|  |TAMS 0x00000000c0200000, 0x00000000c0100000| Untracked 
|   2|0x00000000c0200000, 0x00000000c0300000, 0x00000000c0300000|100%| O|  |TAMS 0x00000000c0300000, 0x00000000c0200000| Untracked 
|   3|0x00000000c0300000, 0x00000000c0400000, 0x00000000c0400000|100%| O|  |TAMS 0x00000000c0400000, 0x00000000c0300000| Untracked 
|   4|0x00000000c0400000, 0x00000000c0500000, 0x00000000c0500000|100%| O|  |TAMS 0x00000000c0500000, 0x00000000c0400000| Untracked 
|   5|0x00000000c0500000, 0x00000000c0600000, 0x00000000c0600000|100%| O|  |TAMS 0x00000000c0600000, 0x00000000c0500000| Untracked 
|   6|0x00000000c0600000, 0x00000000c0700000, 0x00000000c0700000|100%| O|  |TAMS 0x00000000c0600000, 0x00000000c0600000| Untracked 
|   7|0x00000000c0700000, 0x00000000c0800000, 0x00000000c0800000|100%| O|  |TAMS 0x00000000c0800000, 0x00000000c0700000| Untracked 
|   8|0x00000000c0800000, 0x00000000c0900000, 0x00000000c0900000|100%| O|  |TAMS 0x00000000c0900000, 0x00000000c0800000| Untracked 
|   9|0x00000000c0900000, 0x00000000c0a00000, 0x00000000c0a00000|100%| O|  |TAMS 0x00000000c0a00000, 0x00000000c0900000| Untracked 
|  10|0x00000000c0a00000, 0x00000000c0b00000, 0x00000000c0b00000|100%| O|  |TAMS 0x00000000c0b00000, 0x00000000c0a00000| Untracked 
|  11|0x00000000c0b00000, 0x00000000c0c00000, 0x00000000c0c00000|100%| O|  |TAMS 0x00000000c0c00000, 0x00000000c0b00000| Untracked 
|  12|0x00000000c0c00000, 0x00000000c0d00000, 0x00000000c0d00000|100%| O|  |TAMS 0x00000000c0d00000, 0x00000000c0c00000| Untracked 
|  13|0x00000000c0d00000, 0x00000000c0e00000, 0x00000000c0e00000|100%| O|  |TAMS 0x00000000c0e00000, 0x00000000c0d00000| Untracked 
|  14|0x00000000c0e00000, 0x00000000c0f00000, 0x00000000c0f00000|100%| O|  |TAMS 0x00000000c0f00000, 0x00000000c0e00000| Untracked 
|  15|0x00000000c0f00000, 0x00000000c1000000, 0x00000000c1000000|100%| O|  |TAMS 0x00000000c1000000, 0x00000000c0f00000| Untracked 
|  16|0x00000000c1000000, 0x00000000c1100000, 0x00000000c1100000|100%| O|  |TAMS 0x00000000c1100000, 0x00000000c1000000| Untracked 
|  17|0x00000000c1100000, 0x00000000c1200000, 0x00000000c1200000|100%| O|  |TAMS 0x00000000c1200000, 0x00000000c1100000| Untracked 
|  18|0x00000000c1200000, 0x00000000c1300000, 0x00000000c1300000|100%| O|  |TAMS 0x00000000c1300000, 0x00000000c1200000| Untracked 
|  19|0x00000000c1300000, 0x00000000c1400000, 0x00000000c1400000|100%| O|  |TAMS 0x00000000c1400000, 0x00000000c1300000| Untracked 
|  20|0x00000000c1400000, 0x00000000c1500000, 0x00000000c1500000|100%| O|  |TAMS 0x00000000c1500000, 0x00000000c1400000| Untracked 
|  21|0x00000000c1500000, 0x00000000c1600000, 0x00000000c1600000|100%| O|  |TAMS 0x00000000c1600000, 0x00000000c1500000| Untracked 
|  22|0x00000000c1600000, 0x00000000c1700000, 0x00000000c1700000|100%| O|  |TAMS 0x00000000c1700000, 0x00000000c1600000| Untracked 
|  23|0x00000000c1700000, 0x00000000c1800000, 0x00000000c1800000|100%| O|  |TAMS 0x00000000c1800000, 0x00000000c1700000| Untracked 
|  24|0x00000000c1800000, 0x00000000c18ffff8, 0x00000000c1900000| 99%| O|  |TAMS 0x00000000c18ffff8, 0x00000000c1800000| Untracked 
|  25|0x00000000c1900000, 0x00000000c1a00000, 0x00000000c1a00000|100%|HS|  |TAMS 0x00000000c1a00000, 0x00000000c1900000| Complete 
|  26|0x00000000c1a00000, 0x00000000c1a00000, 0x00000000c1b00000|  0%| F|  |TAMS 0x00000000c1a00000, 0x00000000c1a00000| Untracked 
|  27|0x00000000c1b00000, 0x00000000c1c00000, 0x00000000c1c00000|100%| O|  |TAMS 0x00000000c1c00000, 0x00000000c1b00000| Untracked 
|  28|0x00000000c1c00000, 0x00000000c1d00000, 0x00000000c1d00000|100%| O|  |TAMS 0x00000000c1d00000, 0x00000000c1c00000| Untracked 
|  29|0x00000000c1d00000, 0x00000000c1e00000, 0x00000000c1e00000|100%| O|  |TAMS 0x00000000c1e00000, 0x00000000c1d00000| Untracked 
|  30|0x00000000c1e00000, 0x00000000c1f00000, 0x00000000c1f00000|100%| O|  |TAMS 0x00000000c1f00000, 0x00000000c1e00000| Untracked 
|  31|0x00000000c1f00000, 0x00000000c2000000, 0x00000000c2000000|100%| O|  |TAMS 0x00000000c2000000, 0x00000000c1f00000| Untracked 
|  32|0x00000000c2000000, 0x00000000c2100000, 0x00000000c2100000|100%| O|  |TAMS 0x00000000c2100000, 0x00000000c2000000| Untracked 
|  33|0x00000000c2100000, 0x00000000c2100000, 0x00000000c2200000|  0%| F|  |TAMS 0x00000000c2100000, 0x00000000c2100000| Untracked 
|  34|0x00000000c2200000, 0x00000000c2300000, 0x00000000c2300000|100%| O|  |TAMS 0x00000000c2300000, 0x00000000c2200000| Untracked 
|  35|0x00000000c2300000, 0x00000000c2400000, 0x00000000c2400000|100%| O|  |TAMS 0x00000000c2300000, 0x00000000c2300000| Untracked 
|  36|0x00000000c2400000, 0x00000000c2500000, 0x00000000c2500000|100%| O|  |TAMS 0x00000000c2400000, 0x00000000c2400000| Untracked 
|  37|0x00000000c2500000, 0x00000000c2600000, 0x00000000c2600000|100%| O|  |TAMS 0x00000000c2600000, 0x00000000c2500000| Untracked 
|  38|0x00000000c2600000, 0x00000000c2600000, 0x00000000c2700000|  0%| F|  |TAMS 0x00000000c2600000, 0x00000000c2600000| Untracked 
|  39|0x00000000c2700000, 0x00000000c2800000, 0x00000000c2800000|100%| O|  |TAMS 0x00000000c2800000, 0x00000000c2700000| Untracked 
|  40|0x00000000c2800000, 0x00000000c2900000, 0x00000000c2900000|100%| O|  |TAMS 0x00000000c2800000, 0x00000000c2800000| Untracked 
|  41|0x00000000c2900000, 0x00000000c2a00000, 0x00000000c2a00000|100%|HS|  |TAMS 0x00000000c2a00000, 0x00000000c2900000| Complete 
|  42|0x00000000c2a00000, 0x00000000c2b00000, 0x00000000c2b00000|100%|HC|  |TAMS 0x00000000c2b00000, 0x00000000c2a00000| Complete 
|  43|0x00000000c2b00000, 0x00000000c2c00000, 0x00000000c2c00000|100%| O|  |TAMS 0x00000000c2c00000, 0x00000000c2b00000| Untracked 
|  44|0x00000000c2c00000, 0x00000000c2d00000, 0x00000000c2d00000|100%| O|  |TAMS 0x00000000c2d00000, 0x00000000c2c00000| Untracked 
|  45|0x00000000c2d00000, 0x00000000c2e00000, 0x00000000c2e00000|100%| O|  |TAMS 0x00000000c2e00000, 0x00000000c2d00000| Untracked 
|  46|0x00000000c2e00000, 0x00000000c2f00000, 0x00000000c2f00000|100%| O|  |TAMS 0x00000000c2f00000, 0x00000000c2e00000| Untracked 
|  47|0x00000000c2f00000, 0x00000000c3000000, 0x00000000c3000000|100%| O|  |TAMS 0x00000000c2f00000, 0x00000000c2f00000| Untracked 
|  48|0x00000000c3000000, 0x00000000c3100000, 0x00000000c3100000|100%| O|  |TAMS 0x00000000c3000000, 0x00000000c3000000| Untracked 
|  49|0x00000000c3100000, 0x00000000c3200000, 0x00000000c3200000|100%| O|  |TAMS 0x00000000c3100000, 0x00000000c3100000| Untracked 
|  50|0x00000000c3200000, 0x00000000c3300000, 0x00000000c3300000|100%| O|  |TAMS 0x00000000c3200000, 0x00000000c3200000| Untracked 
|  51|0x00000000c3300000, 0x00000000c3400000, 0x00000000c3400000|100%| O|  |TAMS 0x00000000c3300000, 0x00000000c3300000| Untracked 
|  52|0x00000000c3400000, 0x00000000c3500000, 0x00000000c3500000|100%| O|  |TAMS 0x00000000c3400000, 0x00000000c3400000| Untracked 
|  53|0x00000000c3500000, 0x00000000c3500000, 0x00000000c3600000|  0%| F|  |TAMS 0x00000000c3500000, 0x00000000c3500000| Untracked 
|  54|0x00000000c3600000, 0x00000000c3700000, 0x00000000c3700000|100%| O|  |TAMS 0x00000000c3600000, 0x00000000c3600000| Untracked 
|  55|0x00000000c3700000, 0x00000000c3700000, 0x00000000c3800000|  0%| F|  |TAMS 0x00000000c3700000, 0x00000000c3700000| Untracked 
|  56|0x00000000c3800000, 0x00000000c3800000, 0x00000000c3900000|  0%| F|  |TAMS 0x00000000c3800000, 0x00000000c3800000| Untracked 
|  57|0x00000000c3900000, 0x00000000c3900000, 0x00000000c3a00000|  0%| F|  |TAMS 0x00000000c3900000, 0x00000000c3900000| Untracked 
|  58|0x00000000c3a00000, 0x00000000c3a00000, 0x00000000c3b00000|  0%| F|  |TAMS 0x00000000c3a00000, 0x00000000c3a00000| Untracked 
|  59|0x00000000c3b00000, 0x00000000c3c00000, 0x00000000c3c00000|100%| O|  |TAMS 0x00000000c3b00000, 0x00000000c3b00000| Untracked 
|  60|0x00000000c3c00000, 0x00000000c3d00000, 0x00000000c3d00000|100%| O|  |TAMS 0x00000000c3c00000, 0x00000000c3c00000| Untracked 
|  61|0x00000000c3d00000, 0x00000000c3db3a00, 0x00000000c3e00000| 70%| O|  |TAMS 0x00000000c3d00000, 0x00000000c3d00000| Untracked 
|  62|0x00000000c3e00000, 0x00000000c3f00000, 0x00000000c3f00000|100%| O|  |TAMS 0x00000000c3f00000, 0x00000000c3e00000| Untracked 
|  63|0x00000000c3f00000, 0x00000000c4000000, 0x00000000c4000000|100%| O|  |TAMS 0x00000000c4000000, 0x00000000c3f00000| Untracked 
|  64|0x00000000c4000000, 0x00000000c4100000, 0x00000000c4100000|100%| O|  |TAMS 0x00000000c4100000, 0x00000000c4000000| Untracked 
|  65|0x00000000c4100000, 0x00000000c4200000, 0x00000000c4200000|100%| O|  |TAMS 0x00000000c4200000, 0x00000000c4100000| Untracked 
|  66|0x00000000c4200000, 0x00000000c4300000, 0x00000000c4300000|100%| O|  |TAMS 0x00000000c4300000, 0x00000000c4200000| Untracked 
|  67|0x00000000c4300000, 0x00000000c4400000, 0x00000000c4400000|100%| O|  |TAMS 0x00000000c4400000, 0x00000000c4300000| Untracked 
|  68|0x00000000c4400000, 0x00000000c4500000, 0x00000000c4500000|100%| O|  |TAMS 0x00000000c4500000, 0x00000000c4400000| Untracked 
|  69|0x00000000c4500000, 0x00000000c4500000, 0x00000000c4600000|  0%| F|  |TAMS 0x00000000c4500000, 0x00000000c4500000| Untracked 
|  70|0x00000000c4600000, 0x00000000c4600000, 0x00000000c4700000|  0%| F|  |TAMS 0x00000000c4600000, 0x00000000c4600000| Untracked 
|  71|0x00000000c4700000, 0x00000000c4700000, 0x00000000c4800000|  0%| F|  |TAMS 0x00000000c4700000, 0x00000000c4700000| Untracked 
|  72|0x00000000c4800000, 0x00000000c4800000, 0x00000000c4900000|  0%| F|  |TAMS 0x00000000c4800000, 0x00000000c4800000| Untracked 
|  73|0x00000000c4900000, 0x00000000c4900000, 0x00000000c4a00000|  0%| F|  |TAMS 0x00000000c4900000, 0x00000000c4900000| Untracked 
|  74|0x00000000c4a00000, 0x00000000c4a00000, 0x00000000c4b00000|  0%| F|  |TAMS 0x00000000c4a00000, 0x00000000c4a00000| Untracked 
|  75|0x00000000c4b00000, 0x00000000c4b00000, 0x00000000c4c00000|  0%| F|  |TAMS 0x00000000c4b00000, 0x00000000c4b00000| Untracked 
|  76|0x00000000c4c00000, 0x00000000c4c00000, 0x00000000c4d00000|  0%| F|  |TAMS 0x00000000c4c00000, 0x00000000c4c00000| Untracked 
|  77|0x00000000c4d00000, 0x00000000c4d00000, 0x00000000c4e00000|  0%| F|  |TAMS 0x00000000c4d00000, 0x00000000c4d00000| Untracked 
|  78|0x00000000c4e00000, 0x00000000c4e00000, 0x00000000c4f00000|  0%| F|  |TAMS 0x00000000c4e00000, 0x00000000c4e00000| Untracked 
|  79|0x00000000c4f00000, 0x00000000c4f00000, 0x00000000c5000000|  0%| F|  |TAMS 0x00000000c4f00000, 0x00000000c4f00000| Untracked 
|  80|0x00000000c5000000, 0x00000000c5100000, 0x00000000c5100000|100%| O|  |TAMS 0x00000000c5100000, 0x00000000c5000000| Untracked 
|  81|0x00000000c5100000, 0x00000000c5200000, 0x00000000c5200000|100%| O|  |TAMS 0x00000000c5200000, 0x00000000c5100000| Untracked 
|  82|0x00000000c5200000, 0x00000000c5300000, 0x00000000c5300000|100%| O|  |TAMS 0x00000000c5300000, 0x00000000c5200000| Untracked 
|  83|0x00000000c5300000, 0x00000000c5400000, 0x00000000c5400000|100%| O|  |TAMS 0x00000000c5400000, 0x00000000c5300000| Untracked 
|  84|0x00000000c5400000, 0x00000000c5500000, 0x00000000c5500000|100%| O|  |TAMS 0x00000000c5500000, 0x00000000c5400000| Untracked 
|  85|0x00000000c5500000, 0x00000000c5600000, 0x00000000c5600000|100%| O|  |TAMS 0x00000000c5600000, 0x00000000c5500000| Untracked 
|  86|0x00000000c5600000, 0x00000000c5700000, 0x00000000c5700000|100%| O|  |TAMS 0x00000000c5700000, 0x00000000c5600000| Untracked 
|  87|0x00000000c5700000, 0x00000000c5800000, 0x00000000c5800000|100%| O|  |TAMS 0x00000000c5800000, 0x00000000c5700000| Untracked 
|  88|0x00000000c5800000, 0x00000000c5900000, 0x00000000c5900000|100%| O|  |TAMS 0x00000000c5900000, 0x00000000c5800000| Untracked 
|  89|0x00000000c5900000, 0x00000000c5a00000, 0x00000000c5a00000|100%| O|  |TAMS 0x00000000c5a00000, 0x00000000c5900000| Untracked 
|  90|0x00000000c5a00000, 0x00000000c5b00000, 0x00000000c5b00000|100%| O|  |TAMS 0x00000000c5b00000, 0x00000000c5a00000| Untracked 
|  91|0x00000000c5b00000, 0x00000000c5c00000, 0x00000000c5c00000|100%| O|  |TAMS 0x00000000c5c00000, 0x00000000c5b00000| Untracked 
|  92|0x00000000c5c00000, 0x00000000c5c00000, 0x00000000c5d00000|  0%| F|  |TAMS 0x00000000c5c00000, 0x00000000c5c00000| Untracked 
|  93|0x00000000c5d00000, 0x00000000c5d00000, 0x00000000c5e00000|  0%| F|  |TAMS 0x00000000c5d00000, 0x00000000c5d00000| Untracked 
|  94|0x00000000c5e00000, 0x00000000c5e00000, 0x00000000c5f00000|  0%| F|  |TAMS 0x00000000c5e00000, 0x00000000c5e00000| Untracked 
|  95|0x00000000c5f00000, 0x00000000c5f00000, 0x00000000c6000000|  0%| F|  |TAMS 0x00000000c5f00000, 0x00000000c5f00000| Untracked 
|  96|0x00000000c6000000, 0x00000000c6000000, 0x00000000c6100000|  0%| F|  |TAMS 0x00000000c6000000, 0x00000000c6000000| Untracked 
|  97|0x00000000c6100000, 0x00000000c6100000, 0x00000000c6200000|  0%| F|  |TAMS 0x00000000c6100000, 0x00000000c6100000| Untracked 
|  98|0x00000000c6200000, 0x00000000c6200000, 0x00000000c6300000|  0%| F|  |TAMS 0x00000000c6200000, 0x00000000c6200000| Untracked 
|  99|0x00000000c6300000, 0x00000000c6400000, 0x00000000c6400000|100%| O|  |TAMS 0x00000000c6300000, 0x00000000c6300000| Untracked 
| 100|0x00000000c6400000, 0x00000000c6500000, 0x00000000c6500000|100%| O|  |TAMS 0x00000000c6400000, 0x00000000c6400000| Untracked 
| 101|0x00000000c6500000, 0x00000000c6600000, 0x00000000c6600000|100%| O|  |TAMS 0x00000000c6500000, 0x00000000c6500000| Untracked 
| 102|0x00000000c6600000, 0x00000000c6700000, 0x00000000c6700000|100%| O|  |TAMS 0x00000000c6600000, 0x00000000c6600000| Untracked 
| 103|0x00000000c6700000, 0x00000000c6800000, 0x00000000c6800000|100%| O|  |TAMS 0x00000000c6700000, 0x00000000c6700000| Untracked 
| 104|0x00000000c6800000, 0x00000000c6900000, 0x00000000c6900000|100%| O|  |TAMS 0x00000000c6800000, 0x00000000c6800000| Untracked 
| 105|0x00000000c6900000, 0x00000000c6a00000, 0x00000000c6a00000|100%| O|  |TAMS 0x00000000c6900000, 0x00000000c6900000| Untracked 
| 106|0x00000000c6a00000, 0x00000000c6b00000, 0x00000000c6b00000|100%| O|  |TAMS 0x00000000c6a00000, 0x00000000c6a00000| Untracked 
| 107|0x00000000c6b00000, 0x00000000c6c00000, 0x00000000c6c00000|100%| O|  |TAMS 0x00000000c6b00000, 0x00000000c6b00000| Untracked 
| 108|0x00000000c6c00000, 0x00000000c6d00000, 0x00000000c6d00000|100%| O|  |TAMS 0x00000000c6d00000, 0x00000000c6c00000| Untracked 
| 109|0x00000000c6d00000, 0x00000000c6e00000, 0x00000000c6e00000|100%| O|  |TAMS 0x00000000c6e00000, 0x00000000c6d00000| Untracked 
| 110|0x00000000c6e00000, 0x00000000c6f00000, 0x00000000c6f00000|100%| O|  |TAMS 0x00000000c6f00000, 0x00000000c6e00000| Untracked 
| 111|0x00000000c6f00000, 0x00000000c7000000, 0x00000000c7000000|100%| O|  |TAMS 0x00000000c7000000, 0x00000000c6f00000| Untracked 
| 112|0x00000000c7000000, 0x00000000c7100000, 0x00000000c7100000|100%| O|  |TAMS 0x00000000c7000000, 0x00000000c7000000| Untracked 
| 113|0x00000000c7100000, 0x00000000c7200000, 0x00000000c7200000|100%| O|  |TAMS 0x00000000c7100000, 0x00000000c7100000| Untracked 
| 114|0x00000000c7200000, 0x00000000c7300000, 0x00000000c7300000|100%| O|  |TAMS 0x00000000c7200000, 0x00000000c7200000| Untracked 
| 115|0x00000000c7300000, 0x00000000c7400000, 0x00000000c7400000|100%| O|  |TAMS 0x00000000c7300000, 0x00000000c7300000| Untracked 
| 116|0x00000000c7400000, 0x00000000c7500000, 0x00000000c7500000|100%| O|  |TAMS 0x00000000c7500000, 0x00000000c7400000| Untracked 
| 117|0x00000000c7500000, 0x00000000c7600000, 0x00000000c7600000|100%| O|  |TAMS 0x00000000c7600000, 0x00000000c7500000| Untracked 
| 118|0x00000000c7600000, 0x00000000c7700000, 0x00000000c7700000|100%| O|  |TAMS 0x00000000c7700000, 0x00000000c7600000| Untracked 
| 119|0x00000000c7700000, 0x00000000c7800000, 0x00000000c7800000|100%| O|  |TAMS 0x00000000c7800000, 0x00000000c7700000| Untracked 
| 120|0x00000000c7800000, 0x00000000c7900000, 0x00000000c7900000|100%| O|  |TAMS 0x00000000c7900000, 0x00000000c7800000| Untracked 
| 121|0x00000000c7900000, 0x00000000c7a00000, 0x00000000c7a00000|100%| O|  |TAMS 0x00000000c7a00000, 0x00000000c7900000| Untracked 
| 122|0x00000000c7a00000, 0x00000000c7b00000, 0x00000000c7b00000|100%| O|  |TAMS 0x00000000c7a00000, 0x00000000c7a00000| Untracked 
| 123|0x00000000c7b00000, 0x00000000c7c00000, 0x00000000c7c00000|100%| O|  |TAMS 0x00000000c7b00000, 0x00000000c7b00000| Untracked 
| 124|0x00000000c7c00000, 0x00000000c7d00000, 0x00000000c7d00000|100%| O|  |TAMS 0x00000000c7c00000, 0x00000000c7c00000| Untracked 
| 125|0x00000000c7d00000, 0x00000000c7e00000, 0x00000000c7e00000|100%| O|  |TAMS 0x00000000c7d00000, 0x00000000c7d00000| Untracked 
| 126|0x00000000c7e00000, 0x00000000c7f00000, 0x00000000c7f00000|100%| O|  |TAMS 0x00000000c7e00000, 0x00000000c7e00000| Untracked 
| 127|0x00000000c7f00000, 0x00000000c8000000, 0x00000000c8000000|100%| O|  |TAMS 0x00000000c8000000, 0x00000000c7f00000| Untracked 
| 128|0x00000000c8000000, 0x00000000c8000000, 0x00000000c8100000|  0%| F|  |TAMS 0x00000000c8000000, 0x00000000c8000000| Untracked 
| 129|0x00000000c8100000, 0x00000000c8100000, 0x00000000c8200000|  0%| F|  |TAMS 0x00000000c8100000, 0x00000000c8100000| Untracked 
| 130|0x00000000c8200000, 0x00000000c8200000, 0x00000000c8300000|  0%| F|  |TAMS 0x00000000c8200000, 0x00000000c8200000| Untracked 
| 131|0x00000000c8300000, 0x00000000c8300000, 0x00000000c8400000|  0%| F|  |TAMS 0x00000000c8300000, 0x00000000c8300000| Untracked 
| 132|0x00000000c8400000, 0x00000000c8400000, 0x00000000c8500000|  0%| F|  |TAMS 0x00000000c8400000, 0x00000000c8400000| Untracked 
| 133|0x00000000c8500000, 0x00000000c8500000, 0x00000000c8600000|  0%| F|  |TAMS 0x00000000c8500000, 0x00000000c8500000| Untracked 
| 134|0x00000000c8600000, 0x00000000c8600000, 0x00000000c8700000|  0%| F|  |TAMS 0x00000000c8600000, 0x00000000c8600000| Untracked 
| 135|0x00000000c8700000, 0x00000000c8700000, 0x00000000c8800000|  0%| F|  |TAMS 0x00000000c8700000, 0x00000000c8700000| Untracked 
| 136|0x00000000c8800000, 0x00000000c8800000, 0x00000000c8900000|  0%| F|  |TAMS 0x00000000c8800000, 0x00000000c8800000| Untracked 
| 137|0x00000000c8900000, 0x00000000c8900000, 0x00000000c8a00000|  0%| F|  |TAMS 0x00000000c8900000, 0x00000000c8900000| Untracked 
| 138|0x00000000c8a00000, 0x00000000c8a00000, 0x00000000c8b00000|  0%| F|  |TAMS 0x00000000c8a00000, 0x00000000c8a00000| Untracked 
| 139|0x00000000c8b00000, 0x00000000c8b00000, 0x00000000c8c00000|  0%| F|  |TAMS 0x00000000c8b00000, 0x00000000c8b00000| Untracked 
| 140|0x00000000c8c00000, 0x00000000c8c00000, 0x00000000c8d00000|  0%| F|  |TAMS 0x00000000c8c00000, 0x00000000c8c00000| Untracked 
| 141|0x00000000c8d00000, 0x00000000c8d00000, 0x00000000c8e00000|  0%| F|  |TAMS 0x00000000c8d00000, 0x00000000c8d00000| Untracked 
| 142|0x00000000c8e00000, 0x00000000c8e00000, 0x00000000c8f00000|  0%| F|  |TAMS 0x00000000c8e00000, 0x00000000c8e00000| Untracked 
| 143|0x00000000c8f00000, 0x00000000c8f00000, 0x00000000c9000000|  0%| F|  |TAMS 0x00000000c8f00000, 0x00000000c8f00000| Untracked 
| 144|0x00000000c9000000, 0x00000000c9000000, 0x00000000c9100000|  0%| F|  |TAMS 0x00000000c9000000, 0x00000000c9000000| Untracked 
| 145|0x00000000c9100000, 0x00000000c9100000, 0x00000000c9200000|  0%| F|  |TAMS 0x00000000c9100000, 0x00000000c9100000| Untracked 
| 146|0x00000000c9200000, 0x00000000c9200000, 0x00000000c9300000|  0%| F|  |TAMS 0x00000000c9200000, 0x00000000c9200000| Untracked 
| 147|0x00000000c9300000, 0x00000000c9300000, 0x00000000c9400000|  0%| F|  |TAMS 0x00000000c9300000, 0x00000000c9300000| Untracked 
| 148|0x00000000c9400000, 0x00000000c9400000, 0x00000000c9500000|  0%| F|  |TAMS 0x00000000c9400000, 0x00000000c9400000| Untracked 
| 149|0x00000000c9500000, 0x00000000c9500000, 0x00000000c9600000|  0%| F|  |TAMS 0x00000000c9500000, 0x00000000c9500000| Untracked 
| 150|0x00000000c9600000, 0x00000000c9600000, 0x00000000c9700000|  0%| F|  |TAMS 0x00000000c9600000, 0x00000000c9600000| Untracked 
| 151|0x00000000c9700000, 0x00000000c9700000, 0x00000000c9800000|  0%| F|  |TAMS 0x00000000c9700000, 0x00000000c9700000| Untracked 
| 152|0x00000000c9800000, 0x00000000c9900000, 0x00000000c9900000|100%| O|  |TAMS 0x00000000c9900000, 0x00000000c9800000| Untracked 
| 153|0x00000000c9900000, 0x00000000c9a00000, 0x00000000c9a00000|100%| O|  |TAMS 0x00000000c9a00000, 0x00000000c9900000| Untracked 
| 154|0x00000000c9a00000, 0x00000000c9b00000, 0x00000000c9b00000|100%| O|  |TAMS 0x00000000c9b00000, 0x00000000c9a00000| Untracked 
| 155|0x00000000c9b00000, 0x00000000c9c00000, 0x00000000c9c00000|100%| O|  |TAMS 0x00000000c9c00000, 0x00000000c9b00000| Untracked 
| 156|0x00000000c9c00000, 0x00000000c9d00000, 0x00000000c9d00000|100%| O|  |TAMS 0x00000000c9d00000, 0x00000000c9c00000| Untracked 
| 157|0x00000000c9d00000, 0x00000000c9e00000, 0x00000000c9e00000|100%| O|  |TAMS 0x00000000c9e00000, 0x00000000c9d00000| Untracked 
| 158|0x00000000c9e00000, 0x00000000c9e00000, 0x00000000c9f00000|  0%| F|  |TAMS 0x00000000c9e00000, 0x00000000c9e00000| Untracked 
| 159|0x00000000c9f00000, 0x00000000ca000000, 0x00000000ca000000|100%| O|  |TAMS 0x00000000ca000000, 0x00000000c9f00000| Untracked 
| 160|0x00000000ca000000, 0x00000000ca100000, 0x00000000ca100000|100%| O|  |TAMS 0x00000000ca100000, 0x00000000ca000000| Untracked 
| 161|0x00000000ca100000, 0x00000000ca200000, 0x00000000ca200000|100%| O|  |TAMS 0x00000000ca200000, 0x00000000ca100000| Untracked 
| 162|0x00000000ca200000, 0x00000000ca300000, 0x00000000ca300000|100%| O|  |TAMS 0x00000000ca300000, 0x00000000ca200000| Untracked 
| 163|0x00000000ca300000, 0x00000000ca400000, 0x00000000ca400000|100%| O|  |TAMS 0x00000000ca400000, 0x00000000ca300000| Untracked 
| 164|0x00000000ca400000, 0x00000000ca500000, 0x00000000ca500000|100%| O|  |TAMS 0x00000000ca500000, 0x00000000ca400000| Untracked 
| 165|0x00000000ca500000, 0x00000000ca600000, 0x00000000ca600000|100%| O|  |TAMS 0x00000000ca600000, 0x00000000ca500000| Untracked 
| 166|0x00000000ca600000, 0x00000000ca600000, 0x00000000ca700000|  0%| F|  |TAMS 0x00000000ca600000, 0x00000000ca600000| Untracked 
| 167|0x00000000ca700000, 0x00000000ca700000, 0x00000000ca800000|  0%| F|  |TAMS 0x00000000ca700000, 0x00000000ca700000| Untracked 
| 168|0x00000000ca800000, 0x00000000ca800000, 0x00000000ca900000|  0%| F|  |TAMS 0x00000000ca800000, 0x00000000ca800000| Untracked 
| 169|0x00000000ca900000, 0x00000000ca900000, 0x00000000caa00000|  0%| F|  |TAMS 0x00000000ca900000, 0x00000000ca900000| Untracked 
| 170|0x00000000caa00000, 0x00000000caa00000, 0x00000000cab00000|  0%| F|  |TAMS 0x00000000caa00000, 0x00000000caa00000| Untracked 
| 171|0x00000000cab00000, 0x00000000cab00000, 0x00000000cac00000|  0%| F|  |TAMS 0x00000000cab00000, 0x00000000cab00000| Untracked 
| 172|0x00000000cac00000, 0x00000000cac00000, 0x00000000cad00000|  0%| F|  |TAMS 0x00000000cac00000, 0x00000000cac00000| Untracked 
| 173|0x00000000cad00000, 0x00000000cad00000, 0x00000000cae00000|  0%| F|  |TAMS 0x00000000cad00000, 0x00000000cad00000| Untracked 
| 174|0x00000000cae00000, 0x00000000cae00000, 0x00000000caf00000|  0%| F|  |TAMS 0x00000000cae00000, 0x00000000cae00000| Untracked 
| 175|0x00000000caf00000, 0x00000000caf00000, 0x00000000cb000000|  0%| F|  |TAMS 0x00000000caf00000, 0x00000000caf00000| Untracked 
| 176|0x00000000cb000000, 0x00000000cb000000, 0x00000000cb100000|  0%| F|  |TAMS 0x00000000cb000000, 0x00000000cb000000| Untracked 
| 177|0x00000000cb100000, 0x00000000cb100000, 0x00000000cb200000|  0%| F|  |TAMS 0x00000000cb100000, 0x00000000cb100000| Untracked 
| 178|0x00000000cb200000, 0x00000000cb200000, 0x00000000cb300000|  0%| F|  |TAMS 0x00000000cb200000, 0x00000000cb200000| Untracked 
| 179|0x00000000cb300000, 0x00000000cb3ab4a0, 0x00000000cb400000| 66%| S|CS|TAMS 0x00000000cb300000, 0x00000000cb300000| Complete 
| 180|0x00000000cb400000, 0x00000000cb500000, 0x00000000cb500000|100%| S|CS|TAMS 0x00000000cb400000, 0x00000000cb400000| Complete 
| 181|0x00000000cb500000, 0x00000000cb500000, 0x00000000cb600000|  0%| F|  |TAMS 0x00000000cb500000, 0x00000000cb500000| Untracked 
| 182|0x00000000cb600000, 0x00000000cb600000, 0x00000000cb700000|  0%| F|  |TAMS 0x00000000cb600000, 0x00000000cb600000| Untracked 
| 183|0x00000000cb700000, 0x00000000cb700000, 0x00000000cb800000|  0%| F|  |TAMS 0x00000000cb700000, 0x00000000cb700000| Untracked 
| 184|0x00000000cb800000, 0x00000000cb800000, 0x00000000cb900000|  0%| F|  |TAMS 0x00000000cb800000, 0x00000000cb800000| Untracked 
| 185|0x00000000cb900000, 0x00000000cb900000, 0x00000000cba00000|  0%| F|  |TAMS 0x00000000cb900000, 0x00000000cb900000| Untracked 
| 186|0x00000000cba00000, 0x00000000cba00000, 0x00000000cbb00000|  0%| F|  |TAMS 0x00000000cba00000, 0x00000000cba00000| Untracked 
| 187|0x00000000cbb00000, 0x00000000cbb00000, 0x00000000cbc00000|  0%| F|  |TAMS 0x00000000cbb00000, 0x00000000cbb00000| Untracked 
| 188|0x00000000cbc00000, 0x00000000cbc00000, 0x00000000cbd00000|  0%| F|  |TAMS 0x00000000cbc00000, 0x00000000cbc00000| Untracked 
| 189|0x00000000cbd00000, 0x00000000cbd00000, 0x00000000cbe00000|  0%| F|  |TAMS 0x00000000cbd00000, 0x00000000cbd00000| Untracked 
| 190|0x00000000cbe00000, 0x00000000cbe00000, 0x00000000cbf00000|  0%| F|  |TAMS 0x00000000cbe00000, 0x00000000cbe00000| Untracked 
| 191|0x00000000cbf00000, 0x00000000cbf00000, 0x00000000cc000000|  0%| F|  |TAMS 0x00000000cbf00000, 0x00000000cbf00000| Untracked 
| 192|0x00000000cc000000, 0x00000000cc000000, 0x00000000cc100000|  0%| F|  |TAMS 0x00000000cc000000, 0x00000000cc000000| Untracked 
| 193|0x00000000cc100000, 0x00000000cc100000, 0x00000000cc200000|  0%| F|  |TAMS 0x00000000cc100000, 0x00000000cc100000| Untracked 
| 194|0x00000000cc200000, 0x00000000cc200000, 0x00000000cc300000|  0%| F|  |TAMS 0x00000000cc200000, 0x00000000cc200000| Untracked 
| 195|0x00000000cc300000, 0x00000000cc300000, 0x00000000cc400000|  0%| F|  |TAMS 0x00000000cc300000, 0x00000000cc300000| Untracked 
| 196|0x00000000cc400000, 0x00000000cc400000, 0x00000000cc500000|  0%| F|  |TAMS 0x00000000cc400000, 0x00000000cc400000| Untracked 
| 197|0x00000000cc500000, 0x00000000cc500000, 0x00000000cc600000|  0%| F|  |TAMS 0x00000000cc500000, 0x00000000cc500000| Untracked 
| 198|0x00000000cc600000, 0x00000000cc600000, 0x00000000cc700000|  0%| F|  |TAMS 0x00000000cc600000, 0x00000000cc600000| Untracked 
| 199|0x00000000cc700000, 0x00000000cc700000, 0x00000000cc800000|  0%| F|  |TAMS 0x00000000cc700000, 0x00000000cc700000| Untracked 
| 200|0x00000000cc800000, 0x00000000cc800000, 0x00000000cc900000|  0%| F|  |TAMS 0x00000000cc800000, 0x00000000cc800000| Untracked 
| 201|0x00000000cc900000, 0x00000000cc900000, 0x00000000cca00000|  0%| F|  |TAMS 0x00000000cc900000, 0x00000000cc900000| Untracked 
| 202|0x00000000cca00000, 0x00000000cca00000, 0x00000000ccb00000|  0%| F|  |TAMS 0x00000000cca00000, 0x00000000cca00000| Untracked 
| 203|0x00000000ccb00000, 0x00000000ccb00000, 0x00000000ccc00000|  0%| F|  |TAMS 0x00000000ccb00000, 0x00000000ccb00000| Untracked 
| 204|0x00000000ccc00000, 0x00000000ccc00000, 0x00000000ccd00000|  0%| F|  |TAMS 0x00000000ccc00000, 0x00000000ccc00000| Untracked 
| 205|0x00000000ccd00000, 0x00000000ccd00000, 0x00000000cce00000|  0%| F|  |TAMS 0x00000000ccd00000, 0x00000000ccd00000| Untracked 
| 206|0x00000000cce00000, 0x00000000cce00000, 0x00000000ccf00000|  0%| F|  |TAMS 0x00000000cce00000, 0x00000000cce00000| Untracked 
| 207|0x00000000ccf00000, 0x00000000ccf00000, 0x00000000cd000000|  0%| F|  |TAMS 0x00000000ccf00000, 0x00000000ccf00000| Untracked 
| 208|0x00000000cd000000, 0x00000000cd000000, 0x00000000cd100000|  0%| F|  |TAMS 0x00000000cd000000, 0x00000000cd000000| Untracked 
| 209|0x00000000cd100000, 0x00000000cd100000, 0x00000000cd200000|  0%| F|  |TAMS 0x00000000cd100000, 0x00000000cd100000| Untracked 
| 210|0x00000000cd200000, 0x00000000cd200000, 0x00000000cd300000|  0%| F|  |TAMS 0x00000000cd200000, 0x00000000cd200000| Untracked 
| 211|0x00000000cd300000, 0x00000000cd300000, 0x00000000cd400000|  0%| F|  |TAMS 0x00000000cd300000, 0x00000000cd300000| Untracked 
| 212|0x00000000cd400000, 0x00000000cd400000, 0x00000000cd500000|  0%| F|  |TAMS 0x00000000cd400000, 0x00000000cd400000| Untracked 
| 213|0x00000000cd500000, 0x00000000cd500000, 0x00000000cd600000|  0%| F|  |TAMS 0x00000000cd500000, 0x00000000cd500000| Untracked 
| 214|0x00000000cd600000, 0x00000000cd600000, 0x00000000cd700000|  0%| F|  |TAMS 0x00000000cd600000, 0x00000000cd600000| Untracked 
| 215|0x00000000cd700000, 0x00000000cd700000, 0x00000000cd800000|  0%| F|  |TAMS 0x00000000cd700000, 0x00000000cd700000| Untracked 
| 216|0x00000000cd800000, 0x00000000cd800000, 0x00000000cd900000|  0%| F|  |TAMS 0x00000000cd800000, 0x00000000cd800000| Untracked 
| 217|0x00000000cd900000, 0x00000000cd900000, 0x00000000cda00000|  0%| F|  |TAMS 0x00000000cd900000, 0x00000000cd900000| Untracked 
| 218|0x00000000cda00000, 0x00000000cda00000, 0x00000000cdb00000|  0%| F|  |TAMS 0x00000000cda00000, 0x00000000cda00000| Untracked 
| 219|0x00000000cdb00000, 0x00000000cdb00000, 0x00000000cdc00000|  0%| F|  |TAMS 0x00000000cdb00000, 0x00000000cdb00000| Untracked 
| 220|0x00000000cdc00000, 0x00000000cdc00000, 0x00000000cdd00000|  0%| F|  |TAMS 0x00000000cdc00000, 0x00000000cdc00000| Untracked 
| 221|0x00000000cdd00000, 0x00000000cdd00000, 0x00000000cde00000|  0%| F|  |TAMS 0x00000000cdd00000, 0x00000000cdd00000| Untracked 
| 222|0x00000000cde00000, 0x00000000cde00000, 0x00000000cdf00000|  0%| F|  |TAMS 0x00000000cde00000, 0x00000000cde00000| Untracked 
| 223|0x00000000cdf00000, 0x00000000cdf00000, 0x00000000ce000000|  0%| F|  |TAMS 0x00000000cdf00000, 0x00000000cdf00000| Untracked 
| 224|0x00000000ce000000, 0x00000000ce000000, 0x00000000ce100000|  0%| F|  |TAMS 0x00000000ce000000, 0x00000000ce000000| Untracked 
| 225|0x00000000ce100000, 0x00000000ce100000, 0x00000000ce200000|  0%| F|  |TAMS 0x00000000ce100000, 0x00000000ce100000| Untracked 
| 226|0x00000000ce200000, 0x00000000ce200000, 0x00000000ce300000|  0%| F|  |TAMS 0x00000000ce200000, 0x00000000ce200000| Untracked 
| 227|0x00000000ce300000, 0x00000000ce300000, 0x00000000ce400000|  0%| F|  |TAMS 0x00000000ce300000, 0x00000000ce300000| Untracked 
| 228|0x00000000ce400000, 0x00000000ce400000, 0x00000000ce500000|  0%| F|  |TAMS 0x00000000ce400000, 0x00000000ce400000| Untracked 
| 229|0x00000000ce500000, 0x00000000ce500000, 0x00000000ce600000|  0%| F|  |TAMS 0x00000000ce500000, 0x00000000ce500000| Untracked 
| 230|0x00000000ce600000, 0x00000000ce600000, 0x00000000ce700000|  0%| F|  |TAMS 0x00000000ce600000, 0x00000000ce600000| Untracked 
| 231|0x00000000ce700000, 0x00000000ce700000, 0x00000000ce800000|  0%| F|  |TAMS 0x00000000ce700000, 0x00000000ce700000| Untracked 
| 232|0x00000000ce800000, 0x00000000ce800000, 0x00000000ce900000|  0%| F|  |TAMS 0x00000000ce800000, 0x00000000ce800000| Untracked 
| 233|0x00000000ce900000, 0x00000000ce900000, 0x00000000cea00000|  0%| F|  |TAMS 0x00000000ce900000, 0x00000000ce900000| Untracked 
| 234|0x00000000cea00000, 0x00000000cea00000, 0x00000000ceb00000|  0%| F|  |TAMS 0x00000000cea00000, 0x00000000cea00000| Untracked 
| 235|0x00000000ceb00000, 0x00000000ceb00000, 0x00000000cec00000|  0%| F|  |TAMS 0x00000000ceb00000, 0x00000000ceb00000| Untracked 
| 236|0x00000000cec00000, 0x00000000cec00000, 0x00000000ced00000|  0%| F|  |TAMS 0x00000000cec00000, 0x00000000cec00000| Untracked 
| 237|0x00000000ced00000, 0x00000000ced00000, 0x00000000cee00000|  0%| F|  |TAMS 0x00000000ced00000, 0x00000000ced00000| Untracked 
| 238|0x00000000cee00000, 0x00000000cee00000, 0x00000000cef00000|  0%| F|  |TAMS 0x00000000cee00000, 0x00000000cee00000| Untracked 
| 239|0x00000000cef00000, 0x00000000cef00000, 0x00000000cf000000|  0%| F|  |TAMS 0x00000000cef00000, 0x00000000cef00000| Untracked 
| 240|0x00000000cf000000, 0x00000000cf000000, 0x00000000cf100000|  0%| F|  |TAMS 0x00000000cf000000, 0x00000000cf000000| Untracked 
| 241|0x00000000cf100000, 0x00000000cf100000, 0x00000000cf200000|  0%| F|  |TAMS 0x00000000cf100000, 0x00000000cf100000| Untracked 
| 242|0x00000000cf200000, 0x00000000cf200000, 0x00000000cf300000|  0%| F|  |TAMS 0x00000000cf200000, 0x00000000cf200000| Untracked 
| 243|0x00000000cf300000, 0x00000000cf300000, 0x00000000cf400000|  0%| F|  |TAMS 0x00000000cf300000, 0x00000000cf300000| Untracked 
| 244|0x00000000cf400000, 0x00000000cf400000, 0x00000000cf500000|  0%| F|  |TAMS 0x00000000cf400000, 0x00000000cf400000| Untracked 
| 245|0x00000000cf500000, 0x00000000cf500000, 0x00000000cf600000|  0%| F|  |TAMS 0x00000000cf500000, 0x00000000cf500000| Untracked 
| 246|0x00000000cf600000, 0x00000000cf600000, 0x00000000cf700000|  0%| F|  |TAMS 0x00000000cf600000, 0x00000000cf600000| Untracked 
| 247|0x00000000cf700000, 0x00000000cf700000, 0x00000000cf800000|  0%| F|  |TAMS 0x00000000cf700000, 0x00000000cf700000| Untracked 
| 248|0x00000000cf800000, 0x00000000cf800000, 0x00000000cf900000|  0%| F|  |TAMS 0x00000000cf800000, 0x00000000cf800000| Untracked 
| 249|0x00000000cf900000, 0x00000000cf900000, 0x00000000cfa00000|  0%| F|  |TAMS 0x00000000cf900000, 0x00000000cf900000| Untracked 
| 250|0x00000000cfa00000, 0x00000000cfa00000, 0x00000000cfb00000|  0%| F|  |TAMS 0x00000000cfa00000, 0x00000000cfa00000| Untracked 
| 251|0x00000000cfb00000, 0x00000000cfb00000, 0x00000000cfc00000|  0%| F|  |TAMS 0x00000000cfb00000, 0x00000000cfb00000| Untracked 
| 252|0x00000000cfc00000, 0x00000000cfc00000, 0x00000000cfd00000|  0%| F|  |TAMS 0x00000000cfc00000, 0x00000000cfc00000| Untracked 
| 253|0x00000000cfd00000, 0x00000000cfd00000, 0x00000000cfe00000|  0%| F|  |TAMS 0x00000000cfd00000, 0x00000000cfd00000| Untracked 
| 254|0x00000000cfe00000, 0x00000000cfe00000, 0x00000000cff00000|  0%| F|  |TAMS 0x00000000cfe00000, 0x00000000cfe00000| Untracked 
| 255|0x00000000cff00000, 0x00000000cff00000, 0x00000000d0000000|  0%| F|  |TAMS 0x00000000cff00000, 0x00000000cff00000| Untracked 
| 256|0x00000000d0000000, 0x00000000d0000000, 0x00000000d0100000|  0%| F|  |TAMS 0x00000000d0000000, 0x00000000d0000000| Untracked 
| 257|0x00000000d0100000, 0x00000000d0100000, 0x00000000d0200000|  0%| F|  |TAMS 0x00000000d0100000, 0x00000000d0100000| Untracked 
| 258|0x00000000d0200000, 0x00000000d0200000, 0x00000000d0300000|  0%| F|  |TAMS 0x00000000d0200000, 0x00000000d0200000| Untracked 
| 259|0x00000000d0300000, 0x00000000d0300000, 0x00000000d0400000|  0%| F|  |TAMS 0x00000000d0300000, 0x00000000d0300000| Untracked 
| 260|0x00000000d0400000, 0x00000000d0400000, 0x00000000d0500000|  0%| F|  |TAMS 0x00000000d0400000, 0x00000000d0400000| Untracked 
| 261|0x00000000d0500000, 0x00000000d0500000, 0x00000000d0600000|  0%| F|  |TAMS 0x00000000d0500000, 0x00000000d0500000| Untracked 
| 262|0x00000000d0600000, 0x00000000d0600000, 0x00000000d0700000|  0%| F|  |TAMS 0x00000000d0600000, 0x00000000d0600000| Untracked 
| 263|0x00000000d0700000, 0x00000000d0700000, 0x00000000d0800000|  0%| F|  |TAMS 0x00000000d0700000, 0x00000000d0700000| Untracked 
| 264|0x00000000d0800000, 0x00000000d0800000, 0x00000000d0900000|  0%| F|  |TAMS 0x00000000d0800000, 0x00000000d0800000| Untracked 
| 265|0x00000000d0900000, 0x00000000d0900000, 0x00000000d0a00000|  0%| F|  |TAMS 0x00000000d0900000, 0x00000000d0900000| Untracked 
| 266|0x00000000d0a00000, 0x00000000d0a00000, 0x00000000d0b00000|  0%| F|  |TAMS 0x00000000d0a00000, 0x00000000d0a00000| Untracked 
| 267|0x00000000d0b00000, 0x00000000d0b00000, 0x00000000d0c00000|  0%| F|  |TAMS 0x00000000d0b00000, 0x00000000d0b00000| Untracked 
| 268|0x00000000d0c00000, 0x00000000d0c00000, 0x00000000d0d00000|  0%| F|  |TAMS 0x00000000d0c00000, 0x00000000d0c00000| Untracked 
| 269|0x00000000d0d00000, 0x00000000d0d00000, 0x00000000d0e00000|  0%| F|  |TAMS 0x00000000d0d00000, 0x00000000d0d00000| Untracked 
| 270|0x00000000d0e00000, 0x00000000d0e00000, 0x00000000d0f00000|  0%| F|  |TAMS 0x00000000d0e00000, 0x00000000d0e00000| Untracked 
| 271|0x00000000d0f00000, 0x00000000d0f00000, 0x00000000d1000000|  0%| F|  |TAMS 0x00000000d0f00000, 0x00000000d0f00000| Untracked 
| 272|0x00000000d1000000, 0x00000000d1000000, 0x00000000d1100000|  0%| F|  |TAMS 0x00000000d1000000, 0x00000000d1000000| Untracked 
| 273|0x00000000d1100000, 0x00000000d1100000, 0x00000000d1200000|  0%| F|  |TAMS 0x00000000d1100000, 0x00000000d1100000| Untracked 
| 274|0x00000000d1200000, 0x00000000d1200000, 0x00000000d1300000|  0%| F|  |TAMS 0x00000000d1200000, 0x00000000d1200000| Untracked 
| 275|0x00000000d1300000, 0x00000000d1300000, 0x00000000d1400000|  0%| F|  |TAMS 0x00000000d1300000, 0x00000000d1300000| Untracked 
| 276|0x00000000d1400000, 0x00000000d1400000, 0x00000000d1500000|  0%| F|  |TAMS 0x00000000d1400000, 0x00000000d1400000| Untracked 
| 277|0x00000000d1500000, 0x00000000d15712a8, 0x00000000d1600000| 44%| E|  |TAMS 0x00000000d1500000, 0x00000000d1500000| Complete 
| 278|0x00000000d1600000, 0x00000000d1700000, 0x00000000d1700000|100%| E|CS|TAMS 0x00000000d1600000, 0x00000000d1600000| Complete 
| 279|0x00000000d1700000, 0x00000000d1800000, 0x00000000d1800000|100%| O|  |TAMS 0x00000000d1800000, 0x00000000d1700000| Untracked 

Card table byte_map: [0x0000025b54510000,0x0000025b54710000] _byte_map_base: 0x0000025b53f10000

Marking Bits (Prev, Next): (CMBitMap*) 0x0000025b3af19c48, (CMBitMap*) 0x0000025b3af19c08
 Prev Bits: [0x0000025b55910000, 0x0000025b56910000)
 Next Bits: [0x0000025b54910000, 0x0000025b55910000)

Polling page: 0x0000025b3ace0000

Metaspace:

Usage:
  Non-class:     57.05 MB capacity,    55.45 MB ( 97%) used,     1.47 MB (  3%) free+waste,   137.19 KB ( <1%) overhead. 
      Class:      6.83 MB capacity,     5.79 MB ( 85%) used,  1006.34 KB ( 14%) free+waste,    59.50 KB ( <1%) overhead. 
       Both:     63.88 MB capacity,    61.24 MB ( 96%) used,     2.45 MB (  4%) free+waste,   196.69 KB ( <1%) overhead. 

Virtual space:
  Non-class space:       58.00 MB reserved,      57.17 MB ( 99%) committed 
      Class space:        1.00 GB reserved,       6.88 MB ( <1%) committed 
             Both:        1.06 GB reserved,      64.05 MB (  6%) committed 

Chunk freelists:
   Non-Class:  256 bytes
       Class:  1.13 KB
        Both:  1.38 KB

CodeHeap 'non-profiled nmethods': size=120064Kb used=6721Kb max_used=6721Kb free=113342Kb
 bounds [0x0000025b4c580000, 0x0000025b4cc50000, 0x0000025b53ac0000]
CodeHeap 'profiled nmethods': size=120000Kb used=27032Kb max_used=27032Kb free=92967Kb
 bounds [0x0000025b45050000, 0x0000025b46af0000, 0x0000025b4c580000]
CodeHeap 'non-nmethods': size=5696Kb used=1340Kb max_used=1454Kb free=4355Kb
 bounds [0x0000025b44ac0000, 0x0000025b44d30000, 0x0000025b45050000]
 total_blobs=16881 nmethods=10583 adapters=632
 compilation: enabled
              stopped_count=0, restarted_count=0
 full_count=0

Compilation events (10 events):
Event: 62.999 Thread 0x0000025b5919e000 13371  s    4       org.eclipse.jdt.internal.compiler.classfmt.MethodInfo::readCodeAttribute (117 bytes)
Event: 63.016 Thread 0x0000025b5919e000 nmethod 13371 0x0000025b4cb09110 code [0x0000025b4cb09300, 0x0000025b4cb0a748]
Event: 63.016 Thread 0x0000025b5919e000 13369       4       org.eclipse.jdt.internal.compiler.lookup.LookupEnvironment::getType (205 bytes)
Event: 63.042 Thread 0x0000025b5e1ee000 nmethod 13370 0x0000025b4cb4f190 code [0x0000025b4cb4f3e0, 0x0000025b4cb51478]
Event: 63.042 Thread 0x0000025b5e1ee000 13383       4       org.eclipse.jdt.internal.compiler.util.SimpleLookupTable::get (59 bytes)
Event: 63.044 Thread 0x0000025b5e1ee000 nmethod 13383 0x0000025b4ca71810 code [0x0000025b4ca719c0, 0x0000025b4ca71c38]
Event: 63.044 Thread 0x0000025b5e1ee000 13373       4       org.eclipse.jdt.internal.compiler.util.HashtableOfType::put (113 bytes)
Event: 63.052 Thread 0x0000025b5e1ee000 nmethod 13373 0x0000025b4ca9b110 code [0x0000025b4ca9b2e0, 0x0000025b4ca9b9c8]
Event: 63.052 Thread 0x0000025b5e1ee000 13375       4       org.eclipse.jdt.internal.compiler.lookup.SourceTypeBinding::canBeSeenBy (39 bytes)
Event: 63.062 Thread 0x0000025b5e1ee000 nmethod 13375 0x0000025b4cb1e490 code [0x0000025b4cb1e700, 0x0000025b4cb1f010]

GC Heap History (10 events):
Event: 57.230 GC heap before
{Heap before GC invocations=33 (full 0):
 garbage-first heap   total 286720K, used 223823K [0x00000000c0000000, 0x0000000100000000)
  region size 1024K, 89 young (91136K), 10 survivors (10240K)
 Metaspace       used 61704K, capacity 64584K, committed 64816K, reserved 1107968K
  class space    used 5842K, capacity 6936K, committed 7040K, reserved 1048576K
}
Event: 57.242 GC heap after
{Heap after GC invocations=34 (full 0):
 garbage-first heap   total 286720K, used 145168K [0x00000000c0000000, 0x0000000100000000)
  region size 1024K, 6 young (6144K), 6 survivors (6144K)
 Metaspace       used 61704K, capacity 64584K, committed 64816K, reserved 1107968K
  class space    used 5842K, capacity 6936K, committed 7040K, reserved 1048576K
}
Event: 60.815 GC heap before
{Heap before GC invocations=35 (full 0):
 garbage-first heap   total 286720K, used 227088K [0x00000000c0000000, 0x0000000100000000)
  region size 1024K, 86 young (88064K), 6 survivors (6144K)
 Metaspace       used 62555K, capacity 65347K, committed 65584K, reserved 1107968K
  class space    used 5931K, capacity 6998K, committed 7040K, reserved 1048576K
}
Event: 60.823 GC heap after
{Heap after GC invocations=36 (full 0):
 garbage-first heap   total 286720K, used 146347K [0x00000000c0000000, 0x0000000100000000)
  region size 1024K, 7 young (7168K), 7 survivors (7168K)
 Metaspace       used 62555K, capacity 65347K, committed 65584K, reserved 1107968K
  class space    used 5931K, capacity 6998K, committed 7040K, reserved 1048576K
}
Event: 60.872 GC heap before
{Heap before GC invocations=36 (full 0):
 garbage-first heap   total 286720K, used 153515K [0x00000000c0000000, 0x0000000100000000)
  region size 1024K, 14 young (14336K), 7 survivors (7168K)
 Metaspace       used 62570K, capacity 65347K, committed 65584K, reserved 1107968K
  class space    used 5932K, capacity 6998K, committed 7040K, reserved 1048576K
}
Event: 60.884 GC heap after
{Heap after GC invocations=37 (full 0):
 garbage-first heap   total 286720K, used 127489K [0x00000000c0000000, 0x0000000100000000)
  region size 1024K, 2 young (2048K), 2 survivors (2048K)
 Metaspace       used 62570K, capacity 65347K, committed 65584K, reserved 1107968K
  class space    used 5932K, capacity 6998K, committed 7040K, reserved 1048576K
}
Event: 60.928 GC heap before
{Heap before GC invocations=37 (full 0):
 garbage-first heap   total 286720K, used 138753K [0x00000000c0000000, 0x0000000100000000)
  region size 1024K, 14 young (14336K), 2 survivors (2048K)
 Metaspace       used 62575K, capacity 65347K, committed 65584K, reserved 1107968K
  class space    used 5932K, capacity 6998K, committed 7040K, reserved 1048576K
}
Event: 60.938 GC heap after
{Heap after GC invocations=38 (full 0):
 garbage-first heap   total 286720K, used 118741K [0x00000000c0000000, 0x0000000100000000)
  region size 1024K, 1 young (1024K), 1 survivors (1024K)
 Metaspace       used 62575K, capacity 65347K, committed 65584K, reserved 1107968K
  class space    used 5932K, capacity 6998K, committed 7040K, reserved 1048576K
}
Event: 62.974 GC heap before
{Heap before GC invocations=38 (full 0):
 garbage-first heap   total 286720K, used 218069K [0x00000000c0000000, 0x0000000100000000)
  region size 1024K, 98 young (100352K), 1 survivors (1024K)
 Metaspace       used 62701K, capacity 65417K, committed 65584K, reserved 1107968K
  class space    used 5933K, capacity 6999K, committed 7040K, reserved 1048576K
}
Event: 62.978 GC heap after
{Heap after GC invocations=39 (full 0):
 garbage-first heap   total 286720K, used 120187K [0x00000000c0000000, 0x0000000100000000)
  region size 1024K, 2 young (2048K), 2 survivors (2048K)
 Metaspace       used 62701K, capacity 65417K, committed 65584K, reserved 1107968K
  class space    used 5933K, capacity 6999K, committed 7040K, reserved 1048576K
}

Deoptimization events (10 events):
Event: 60.040 Thread 0x0000025b6807b800 Uncommon trap: reason=class_check action=maybe_recompile pc=0x0000025b4c6ff5f0 method=org.eclipse.jdt.core.dom.ASTConverter.adjustSourcePositionsForParent(Lorg/eclipse/jdt/internal/compiler/ast/Expression;)V @ 29 c2
Event: 60.040 Thread 0x0000025b6807b800 Uncommon trap: reason=class_check action=maybe_recompile pc=0x0000025b4c6ff5f0 method=org.eclipse.jdt.core.dom.ASTConverter.adjustSourcePositionsForParent(Lorg/eclipse/jdt/internal/compiler/ast/Expression;)V @ 29 c2
Event: 60.040 Thread 0x0000025b6807b800 Uncommon trap: reason=class_check action=maybe_recompile pc=0x0000025b4c6ff5f0 method=org.eclipse.jdt.core.dom.ASTConverter.adjustSourcePositionsForParent(Lorg/eclipse/jdt/internal/compiler/ast/Expression;)V @ 29 c2
Event: 60.409 Thread 0x0000025b6807b800 Uncommon trap: reason=class_check action=maybe_recompile pc=0x0000025b4c7b1f90 method=com.google.gson.internal.bind.MapTypeAdapterFactory$Adapter.read(Lcom/google/gson/stream/JsonReader;)Ljava/util/Map; @ 1 c2
Event: 61.073 Thread 0x0000025b5b7fc800 Uncommon trap: reason=unstable_if action=reinterpret pc=0x0000025b4cbc881c method=org.eclipse.jdt.internal.core.index.DiskIndex.readStreamDocumentArray(Ljava/io/InputStream;I)[I @ 17 c2
Event: 61.242 Thread 0x0000025b5cf4c000 Uncommon trap: reason=unstable_if action=reinterpret pc=0x0000025b4cc418f0 method=org.eclipse.jdt.core.dom.ASTConverter.convert(Lorg/eclipse/jdt/internal/compiler/ast/Expression;)Lorg/eclipse/jdt/core/dom/Expression; @ 245 c2
Event: 61.756 Thread 0x0000025b6807d000 Uncommon trap: reason=array_check action=maybe_recompile pc=0x0000025b4c934728 method=java.util.stream.Nodes$FixedNodeBuilder.accept(Ljava/lang/Object;)V @ 28 c2
Event: 61.756 Thread 0x0000025b6807d000 Uncommon trap: reason=array_check action=maybe_recompile pc=0x0000025b4c934728 method=java.util.stream.Nodes$FixedNodeBuilder.accept(Ljava/lang/Object;)V @ 28 c2
Event: 61.756 Thread 0x0000025b6807d000 Uncommon trap: reason=array_check action=maybe_recompile pc=0x0000025b4c934728 method=java.util.stream.Nodes$FixedNodeBuilder.accept(Ljava/lang/Object;)V @ 28 c2
Event: 61.757 Thread 0x0000025b6807d000 Uncommon trap: reason=array_check action=maybe_recompile pc=0x0000025b4c934728 method=java.util.stream.Nodes$FixedNodeBuilder.accept(Ljava/lang/Object;)V @ 28 c2

Classes redefined (0 events):
No events

Internal exceptions (10 events):
Event: 56.917 Thread 0x0000025b6807b800 Exception <a 'java/lang/ClassCastException'{0x00000000cfc56e80}: class org.eclipse.jdt.internal.compiler.lookup.ParameterizedTypeBinding cannot be cast to class org.eclipse.jdt.internal.compiler.lookup.SourceTypeBinding (org.eclipse.jdt.internal.compiler.
Event: 57.021 Thread 0x0000025b6807b800 Implicit null exception at 0x0000025b467b3c23 to 0x0000025b467b47c8
Event: 57.021 Thread 0x0000025b6807b800 Exception <a 'java/lang/NullPointerException'{0x00000000cef444a0}> (0x00000000cef444a0) thrown at [t:/workspace/open/src/hotspot/share/runtime/sharedRuntime.cpp, line 585]
Event: 59.669 Thread 0x0000025b6807b800 Exception <a 'java/lang/ArrayIndexOutOfBoundsException'{0x00000000cf451208}> (0x00000000cf451208) thrown at [t:/workspace/open/src/hotspot/share/runtime/sharedRuntime.cpp, line 585]
Event: 59.669 Thread 0x0000025b6807b800 Exception <a 'java/lang/ArrayIndexOutOfBoundsException'{0x00000000cf4515c8}> (0x00000000cf4515c8) thrown at [t:/workspace/open/src/hotspot/share/runtime/sharedRuntime.cpp, line 585]
Event: 59.669 Thread 0x0000025b6807b800 Exception <a 'java/lang/ArrayIndexOutOfBoundsException'{0x00000000cf451938}> (0x00000000cf451938) thrown at [t:/workspace/open/src/hotspot/share/runtime/sharedRuntime.cpp, line 585]
Event: 59.726 Thread 0x0000025b6807b800 Implicit null exception at 0x0000025b4c8f0fcd to 0x0000025b4c8f168e
Event: 60.903 Thread 0x0000025b6807b800 Exception <a 'java/lang/ArrayIndexOutOfBoundsException'{0x00000000d12ea540}: Index 8472 out of bounds for length 8472> (0x00000000d12ea540) thrown at [t:/workspace/open/src/hotspot/share/interpreter/interpreterRuntime.cpp, line 462]
Event: 60.903 Thread 0x0000025b6807b800 Exception <a 'java/lang/ArrayIndexOutOfBoundsException'{0x00000000d12ea860}> (0x00000000d12ea860) thrown at [t:/workspace/open/src/hotspot/share/runtime/sharedRuntime.cpp, line 585]
Event: 60.903 Thread 0x0000025b6807b800 Exception <a 'java/lang/ArrayIndexOutOfBoundsException'{0x00000000d12eab80}: Index 8473 out of bounds for length 8472> (0x00000000d12eab80) thrown at [t:/workspace/open/src/hotspot/share/interpreter/interpreterRuntime.cpp, line 462]

Events (10 events):
Event: 62.974 Executing VM operation: G1CollectForAllocation
Event: 62.978 Executing VM operation: G1CollectForAllocation done
Event: 62.982 Thread 0x0000025b5e1ee000 Thread added: 0x0000025b5e1ee000
Event: 62.990 Executing VM operation: RevokeBias
Event: 62.990 Executing VM operation: RevokeBias done
Event: 62.990 Thread 0x0000025b68079000 Thread exited: 0x0000025b68079000
Event: 62.991 Executing VM operation: RevokeBias
Event: 62.991 Executing VM operation: RevokeBias done
Event: 62.995 Executing VM operation: RevokeBias
Event: 62.995 Executing VM operation: RevokeBias done


Dynamic libraries:
0x00007ff6c4aa0000 - 0x00007ff6c4aaf000 	C:\Program Files\Java\jdk-12.0.2\bin\java.exe
0x00007ff92c8c0000 - 0x00007ff92caa1000 	C:\WINDOWS\SYSTEM32\ntdll.dll
0x00007ff92bb60000 - 0x00007ff92bc11000 	C:\WINDOWS\System32\KERNEL32.DLL
0x00007ff9290e0000 - 0x00007ff929353000 	C:\WINDOWS\System32\KERNELBASE.dll
0x00007ff928f60000 - 0x00007ff929058000 	C:\WINDOWS\System32\ucrtbase.dll
0x00007ff922010000 - 0x00007ff922028000 	C:\Program Files\Java\jdk-12.0.2\bin\jli.dll
0x00007ff91a4d0000 - 0x00007ff91a4e6000 	C:\Program Files\Java\jdk-12.0.2\bin\VCRUNTIME140.dll
0x00007ff92bd10000 - 0x00007ff92bdb1000 	C:\WINDOWS\System32\ADVAPI32.dll
0x00007ff92b700000 - 0x00007ff92b79e000 	C:\WINDOWS\System32\msvcrt.dll
0x00007ff929ed0000 - 0x00007ff929f2b000 	C:\WINDOWS\System32\sechost.dll
0x00007ff92c700000 - 0x00007ff92c824000 	C:\WINDOWS\System32\RPCRT4.dll
0x00007ff92c570000 - 0x00007ff92c700000 	C:\WINDOWS\System32\USER32.dll
0x00007ff929d20000 - 0x00007ff929d40000 	C:\WINDOWS\System32\win32u.dll
0x00007ff91e460000 - 0x00007ff91e6c9000 	C:\WINDOWS\WinSxS\amd64_microsoft.windows.common-controls_6595b64144ccf1df_6.0.17134.1246_none_d3ffb9d77c90723d\COMCTL32.dll
0x00007ff92c540000 - 0x00007ff92c568000 	C:\WINDOWS\System32\GDI32.dll
0x00007ff92bdc0000 - 0x00007ff92c0e1000 	C:\WINDOWS\System32\combase.dll
0x00007ff929360000 - 0x00007ff9294f1000 	C:\WINDOWS\System32\gdi32full.dll
0x00007ff929060000 - 0x00007ff9290d9000 	C:\WINDOWS\System32\bcryptPrimitives.dll
0x00007ff928e70000 - 0x00007ff928f0f000 	C:\WINDOWS\System32\msvcp_win.dll
0x00007ff9245f0000 - 0x00007ff9245fa000 	C:\WINDOWS\SYSTEM32\VERSION.dll
0x00007ff92bce0000 - 0x00007ff92bd0d000 	C:\WINDOWS\System32\IMM32.DLL
0x00007ff8fbff0000 - 0x00007ff8fc09a000 	C:\Program Files\Java\jdk-12.0.2\bin\msvcp140.dll
0x00007ff8f3910000 - 0x00007ff8f4487000 	C:\Program Files\Java\jdk-12.0.2\bin\server\jvm.dll
0x00007ff929d40000 - 0x00007ff929d48000 	C:\WINDOWS\System32\PSAPI.DLL
0x00007ff9255f0000 - 0x00007ff9255f9000 	C:\WINDOWS\SYSTEM32\WSOCK32.dll
0x00007ff926ec0000 - 0x00007ff926ee3000 	C:\WINDOWS\SYSTEM32\WINMM.dll
0x00007ff92ba50000 - 0x00007ff92babc000 	C:\WINDOWS\System32\WS2_32.dll
0x00007ff926e60000 - 0x00007ff926e8a000 	C:\WINDOWS\SYSTEM32\winmmbase.dll
0x00007ff928f10000 - 0x00007ff928f59000 	C:\WINDOWS\System32\cfgmgr32.dll
0x00007ff928c20000 - 0x00007ff928c31000 	C:\WINDOWS\System32\kernel.appcore.dll
0x00007ff91a3b0000 - 0x00007ff91a3c1000 	C:\Program Files\Java\jdk-12.0.2\bin\verify.dll
0x00007ff916150000 - 0x00007ff916319000 	C:\WINDOWS\SYSTEM32\DBGHELP.DLL
0x00007ff915c40000 - 0x00007ff915c69000 	C:\WINDOWS\SYSTEM32\dbgcore.DLL
0x00007ff918160000 - 0x00007ff918186000 	C:\Program Files\Java\jdk-12.0.2\bin\java.dll
0x00007ff91a270000 - 0x00007ff91a287000 	C:\Program Files\Java\jdk-12.0.2\bin\zip.dll
0x00007ff925600000 - 0x00007ff92560a000 	C:\Program Files\Java\jdk-12.0.2\bin\jimage.dll
0x00007ff929f40000 - 0x00007ff92b385000 	C:\WINDOWS\System32\SHELL32.dll
0x00007ff92bc30000 - 0x00007ff92bcd9000 	C:\WINDOWS\System32\shcore.dll
0x00007ff9295b0000 - 0x00007ff929cc0000 	C:\WINDOWS\System32\windows.storage.dll
0x00007ff92b390000 - 0x00007ff92b3e1000 	C:\WINDOWS\System32\shlwapi.dll
0x00007ff928c40000 - 0x00007ff928c5f000 	C:\WINDOWS\System32\profapi.dll
0x00007ff928bd0000 - 0x00007ff928c1c000 	C:\WINDOWS\System32\powrprof.dll
0x00007ff928bc0000 - 0x00007ff928bca000 	C:\WINDOWS\System32\FLTLIB.DLL
0x00007ff916970000 - 0x00007ff916989000 	C:\Program Files\Java\jdk-12.0.2\bin\net.dll
0x00007ff91b470000 - 0x00007ff91b63a000 	C:\WINDOWS\SYSTEM32\urlmon.dll
0x00007ff9249f0000 - 0x00007ff924acd000 	C:\WINDOWS\SYSTEM32\WINHTTP.dll
0x00007ff91b7f0000 - 0x00007ff91ba97000 	C:\WINDOWS\SYSTEM32\iertutil.dll
0x00007ff9284f0000 - 0x00007ff9284fb000 	C:\WINDOWS\SYSTEM32\CRYPTBASE.DLL
0x00007ff928390000 - 0x00007ff9283f6000 	C:\WINDOWS\system32\mswsock.dll
0x00007ff9156f0000 - 0x00007ff915703000 	C:\Program Files\Java\jdk-12.0.2\bin\nio.dll
0x00007ff9288b0000 - 0x00007ff9288c7000 	C:\WINDOWS\SYSTEM32\CRYPTSP.dll
0x00007ff927f50000 - 0x00007ff927f83000 	C:\WINDOWS\system32\rsaenh.dll
0x00007ff928930000 - 0x00007ff928955000 	C:\WINDOWS\SYSTEM32\bcrypt.dll
0x00007ff928ac0000 - 0x00007ff928ae8000 	C:\WINDOWS\SYSTEM32\USERENV.dll
0x00007ff9280f0000 - 0x00007ff928128000 	C:\WINDOWS\SYSTEM32\IPHLPAPI.DLL
0x00007ff929f30000 - 0x00007ff929f38000 	C:\WINDOWS\System32\NSI.dll
0x00007ff923d20000 - 0x00007ff923d36000 	C:\WINDOWS\SYSTEM32\dhcpcsvc6.DLL
0x00007ff923c70000 - 0x00007ff923c8a000 	C:\WINDOWS\SYSTEM32\dhcpcsvc.DLL
0x00007ff905b30000 - 0x00007ff905b59000 	C:\Users\nauhwuun\.vscode\extensions\redhat.java-0.55.1\server\config_win\org.eclipse.equinox.launcher\org.eclipse.equinox.launcher.win32.win32.x86_64_1.1.1100.v20190907-0426\eclipse_1902.dll
0x00007ff9156d0000 - 0x00007ff9156e1000 	C:\Users\nauhwuun\.vscode\extensions\redhat.java-0.55.1\server\config_win\org.eclipse.osgi\20\0\.cp\jWinHttp-1.0.0.dll
0x00007ff929d50000 - 0x00007ff929ea1000 	C:\WINDOWS\System32\ole32.dll
0x00007ff905b00000 - 0x00007ff905b27000 	C:\Program Files\Java\jdk-12.0.2\bin\sunec.dll
0x00007ff928130000 - 0x00007ff9281ee000 	C:\WINDOWS\SYSTEM32\DNSAPI.dll
0x00000000512f0000 - 0x0000000051316000 	C:\Program Files\Bonjour\mdnsNSP.dll
0x00007ff920f40000 - 0x00007ff920f4a000 	C:\Windows\System32\rasadhlp.dll
0x00007ff9216b0000 - 0x00007ff921722000 	C:\WINDOWS\System32\fwpuclnt.dll
0x00007ff9254f0000 - 0x00007ff9254fe000 	C:\Program Files\Java\jdk-12.0.2\bin\sunmscapi.dll
0x00007ff928c80000 - 0x00007ff928e62000 	C:\WINDOWS\System32\CRYPT32.dll
0x00007ff928c60000 - 0x00007ff928c72000 	C:\WINDOWS\System32\MSASN1.dll
0x00007ff9285d0000 - 0x00007ff9285f6000 	C:\WINDOWS\SYSTEM32\ncrypt.dll
0x00007ff928590000 - 0x00007ff9285c6000 	C:\WINDOWS\SYSTEM32\NTASN1.dll

dbghelp: loaded successfully - version: 4.0.5 - missing functions: none
symbol engine: initialized successfully - sym options: 0x614 - pdb path: .;C:\Program Files\Java\jdk-12.0.2\bin;C:\WINDOWS\SYSTEM32;C:\WINDOWS\WinSxS\amd64_microsoft.windows.common-controls_6595b64144ccf1df_6.0.17134.1246_none_d3ffb9d77c90723d;C:\Program Files\Java\jdk-12.0.2\bin\server;C:\Users\nauhwuun\.vscode\extensions\redhat.java-0.55.1\server\config_win\org.eclipse.equinox.launcher\org.eclipse.equinox.launcher.win32.win32.x86_64_1.1.1100.v20190907-0426;C:\Users\nauhwuun\.vscode\extensions\redhat.java-0.55.1\server\config_win\org.eclipse.osgi\20\0\.cp;C:\Program Files\Bonjour

VM Arguments:
jvm_args: --add-modules=ALL-SYSTEM --add-opens=java.base/java.util=ALL-UNNAMED --add-opens=java.base/java.lang=ALL-UNNAMED -Declipse.application=org.eclipse.jdt.ls.core.id1 -Dosgi.bundles.defaultStartLevel=4 -Declipse.product=org.eclipse.jdt.ls.core.product -Dfile.encoding=utf8 -DwatchParentProcess=false -Xverify:none -Xmx1G -XX:+UseG1GC -XX:+UseStringDeduplication 
java_command: c:\Users\nauhwuun\.vscode\extensions\redhat.java-0.55.1\server\plugins\org.eclipse.equinox.launcher_1.5.600.v20191014-2022.jar -configuration c:\Users\nauhwuun\.vscode\extensions\redhat.java-0.55.1\server\config_win -data c:\Users\nauhwuun\AppData\Roaming\Code\User\workspaceStorage\cd9252250636b5116f112d68e63c7a7b\redhat.java\jdt_ws
java_class_path (initial): c:\Users\nauhwuun\.vscode\extensions\redhat.java-0.55.1\server\plugins\org.eclipse.equinox.launcher_1.5.600.v20191014-2022.jar
Launcher Type: SUN_STANDARD

[Global flags]
     bool BytecodeVerificationLocal                = false                                     {product} {command line}
     bool BytecodeVerificationRemote               = false                                     {product} {command line}
     intx CICompilerCount                          = 3                                         {product} {ergonomic}
     uint ConcGCThreads                            = 2                                         {product} {ergonomic}
     uint G1ConcRefinementThreads                  = 6                                         {product} {ergonomic}
   size_t G1HeapRegionSize                         = 1048576                                   {product} {ergonomic}
    uintx GCDrainStackTargetSize                   = 64                                        {product} {ergonomic}
   size_t InitialHeapSize                          = 268435456                                 {product} {ergonomic}
   size_t MarkStackSize                            = 4194304                                   {product} {ergonomic}
   size_t MaxHeapSize                              = 1073741824                                {product} {command line}
   size_t MaxNewSize                               = 643825664                                 {product} {ergonomic}
   size_t MinHeapDeltaBytes                        = 1048576                                   {product} {ergonomic}
    uintx NonNMethodCodeHeapSize                   = 5830732                                {pd product} {ergonomic}
    uintx NonProfiledCodeHeapSize                  = 122913754                              {pd product} {ergonomic}
    uintx ProfiledCodeHeapSize                     = 122913754                              {pd product} {ergonomic}
    uintx ReservedCodeCacheSize                    = 251658240                              {pd product} {ergonomic}
     bool SegmentedCodeCache                       = true                                      {product} {ergonomic}
     bool UseCompressedClassPointers               = true                                 {lp64_product} {ergonomic}
     bool UseCompressedOops                        = true                                 {lp64_product} {ergonomic}
     bool UseG1GC                                  = true                                      {product} {command line}
     bool UseLargePagesIndividualAllocation        = false                                  {pd product} {ergonomic}
     bool UseStringDeduplication                   = true                                      {product} {command line}

Logging:
Log output configuration:
 #0: stdout all=warning uptime,level,tags
 #1: stderr all=off uptime,level,tags

Environment Variables:
JAVA_HOME=C:\Program Files\Java\jdk1.8.0_60
CLASSPATH=.;C:\Program Files\Java\jdk1.8.0_60\lib\dt.jar;C:\Program Files\Java\jdk1.8.0_60\lib\tools.jar;
PATH=C:\Program Files\Java\jdk1.8.0_60;C:\Program Files\Java\jdk1.8.0_60\bin;e:\Git\cmd;C:\Program Files\Docker\Docker\resources\bin;C:\ProgramData\DockerDesktop\version-bin;D:\Python\Python38-32\Scripts\;D:\Python\Python38-32\;d:\jruby-9.2.9.0\bin;C:\Users\Public\Documents\Embarcadero\Studio\19.0\BPL;C:\Users\nauhwuun\AppData\Local\Microsoft\WindowsApps;d:\Microsoft VS Code\bin;C:\Program Files\Java\jdk1.8.0_60;C:\Program Files\Java\jdk1.8.0_60\bin;
USERNAME=nauhwuun
OS=Windows_NT
PROCESSOR_IDENTIFIER=Intel64 Family 6 Model 158 Stepping 10, GenuineIntel



---------------  S Y S T E M  ---------------

OS: Windows 10 , 64 bit Build 17134 (10.0.17134.753)

CPU:total 6 (initial active 6) (6 cores per cpu, 1 threads per core) family 6 model 158 stepping 10, cmov, cx8, fxsr, mmx, sse, sse2, sse3, ssse3, sse4.1, sse4.2, popcnt, avx, avx2, aes, clmul, erms, 3dnowpref, lzcnt, tsc, tscinvbit, bmi1, bmi2, adx, fma

Memory: 4k page, system-wide physical 16304M (595M free)
TotalPageFile size 25165M (AvailPageFile size 0M)
current process WorkingSet (physical memory assigned to process): 561M, peak: 582M
current process commit charge ("private bytes"): 579M, peak: 602M

vm_info: Java HotSpot(TM) 64-Bit Server VM (12.0.2+10) for windows-amd64 JRE (12.0.2+10), built on Jul 16 2019 01:56:17 by "mach5one" with MS VC++ 15.5 (VS2017)

END.
